Date & Time : 01-08-23 15:18:00
CPU Usage : 40
Memory : 43.0391
Swap Memory : 0.112815
Disk Usage : Used
1.6M
14G
0
4.0K
6.1M
128K
Date & Time : 01-08-23 15:18:01
CPU Usage : 13.4
Memory : 43.2273
Swap Memory : 0.112815
Disk Usage : Used
1.6M
14G
0
4.0K
6.1M
128K
Date & Time : 01-08-23 15:18:01
CPU Usage : 7.1
Memory : 43.2273
Swap Memory : 0.112815
Disk Usage : Used
1.6M
14G
0
4.0K
6.1M
128K
Date & Time : 01-08-23 15:18:01
CPU Usage : 7.7
Memory : 43.2273
Swap Memory : 0.112815
Disk Usage : Used
1.6M
14G
0
4.0K
6.1M
128K
Date & Time : 01-08-23 15:18:01
CPU Usage : 0
Memory : 43.2273
Swap Memory : 0.112815
Disk Usage : Used
1.6M
14G
0
4.0K
6.1M
128K
Date & Time : 01-08-23 15:18:01
CPU Usage : 0
Memory : 43.2284
Swap Memory : 0.112815
Disk Usage : Used
1.6M
14G
0
4.0K
6.1M
128K
Date & Time : 01-08-23 15:18:02
CPU Usage : 7.1
Memory : 43.2284
Swap Memory : 0.112815
Disk Usage : Used
1.6M
14G
0
4.0K
6.1M
128K
Date & Time : 01-08-23 15:18:02
CPU Usage : 0
Memory : 43.2284
Swap Memory : 0.112815
Disk Usage : Used
1.6M
14G
0
4.0K
6.1M
128K
Date & Time : 01-08-23 15:18:02
CPU Usage : 0
Memory : 43.2284
Swap Memory : 0.112815
Disk Usage : Used
1.6M
14G
0
4.0K
6.1M
128K
Date & Time : 01-08-23 15:18:02
CPU Usage : 7.1
Memory : 43.2284
Swap Memory : 0.112815
Disk Usage : Used
1.6M
14G
0
4.0K
6.1M
128K
Date & Time : 01-08-23 15:18:03
CPU Usage : 0
Memory : 43.2284
Swap Memory : 0.112815
Disk Usage : Used
1.6M
14G
0
4.0K
6.1M
128K
Date & Time : 01-08-23 15:18:03
CPU Usage : 0
Memory : 43.2284
Swap Memory : 0.112815
Disk Usage : Used
1.6M
14G
0
4.0K
6.1M
128K
Date & Time : 01-08-23 15:18:03
CPU Usage : 0
Memory : 43.2284
Swap Memory : 0.112815
Disk Usage : Used
1.6M
14G
0
4.0K
6.1M
128K
Date & Time : 01-08-23 15:18:03
CPU Usage : 7.1
Memory : 43.2297
Swap Memory : 0.112815
Disk Usage : Used
1.6M
14G
0
4.0K
6.1M
128K
Date & Time : 01-08-23 15:18:03
CPU Usage : 0
Memory : 43.2297
Swap Memory : 0.112815
Disk Usage : Used
1.6M
14G
0
4.0K
6.1M
128K
Date & Time : 01-08-23 15:18:03
CPU Usage : 7.1
Memory : 43.2297
Swap Memory : 0.112815
Disk Usage : Used
1.6M
14G
0
4.0K
6.1M
128K
Date & Time : 01-08-23 15:18:04
CPU Usage : 6.2
Memory : 43.2298
Swap Memory : 0.112815
Disk Usage : Used
1.6M
14G
0
4.0K
6.1M
128K
Date & Time : 01-08-23 15:18:04
CPU Usage : 0
Memory : 43.2298
Swap Memory : 0.112815
Disk Usage : Used
1.6M
14G
0
4.0K
6.1M
128K
Date & Time : 01-08-23 15:18:04
CPU Usage : 7.7
Memory : 43.2298
Swap Memory : 0.112815
Disk Usage : Used
1.6M
14G
0
4.0K
6.1M
128K
Date & Time : 01-08-23 15:18:04
CPU Usage : 91.7
Memory : 43.0403
Swap Memory : 0.112815
Disk Usage : Used
1.6M
14G
0
4.0K
6.1M
128K
Date & Time : 01-08-23 15:18:05
CPU Usage : 100
Memory : 43.0401
Swap Memory : 0.112815
Disk Usage : Used
1.6M
14G
0
4.0K
6.1M
128K
Date & Time : 01-08-23 15:18:05
CPU Usage : 77.7
Memory : 43.0401
Swap Memory : 0.112815
Disk Usage : Used
1.6M
14G
0
4.0K
6.1M
128K
Date & Time : 01-08-23 15:18:05
CPU Usage : 100
Memory : 43.0401
Swap Memory : 0.112815
Disk Usage : Used
1.6M
14G
0
4.0K
6.1M
128K
Date & Time : 01-08-23 15:18:05
CPU Usage : 100
Memory : 43.0401
Swap Memory : 0.112815
Disk Usage : Used
1.6M
14G
0
4.0K
6.1M
128K
Date & Time : 01-08-23 15:18:06
CPU Usage : 100
Memory : 43.0311
Swap Memory : 0.112815
Disk Usage : Used
1.6M
14G
0
4.0K
6.1M
128K
Date & Time : 01-08-23 15:18:06
CPU Usage : 66.7
Memory : 43.0311
Swap Memory : 0.112815
Disk Usage : Used
1.6M
14G
0
4.0K
6.1M
128K
Date & Time : 01-08-23 15:18:06
CPU Usage : 14.2
Memory : 43.0324
Swap Memory : 0.112815
Disk Usage : Used
1.6M
14G
0
4.0K
6.1M
128K
Date & Time : 01-08-23 15:18:06
CPU Usage : 0
Memory : 43.0324
Swap Memory : 0.112815
Disk Usage : Used
1.6M
14G
0
4.0K
6.1M
128K
Date & Time : 01-08-23 15:18:07
CPU Usage : 6.2
Memory : 43.0316
Swap Memory : 0.112815
Disk Usage : Used
1.6M
14G
0
4.0K
6.1M
128K
Date & Time : 01-08-23 15:18:07
CPU Usage : 0
Memory : 43.0316
Swap Memory : 0.112815
Disk Usage : Used
1.6M
14G
0
4.0K
6.1M
128K
Date & Time : 01-08-23 15:18:07
CPU Usage : 23.1
Memory : 43.2224
Swap Memory : 0.112815
Disk Usage : Used
1.6M
14G
0
4.0K
6.1M
128K
Date & Time : 01-08-23 15:18:07
CPU Usage : 25
Memory : 43.2224
Swap Memory : 0.112815
Disk Usage : Used
1.6M
14G
0
4.0K
6.1M
128K
Date & Time : 01-08-23 15:18:07
CPU Usage : 0
Memory : 43.2224
Swap Memory : 0.112815
Disk Usage : Used
1.6M
14G
0
4.0K
6.1M
128K
Date & Time : 01-08-23 15:18:07
CPU Usage : 0
Memory : 43.223
Swap Memory : 0.112815
Disk Usage : Used
1.6M
14G
0
4.0K
6.1M
128K
Date & Time : 01-08-23 15:18:08
CPU Usage : 13.4
Memory : 43.2243
Swap Memory : 0.112815
Disk Usage : Used
1.6M
14G
0
4.0K
6.1M
128K
Date & Time : 01-08-23 15:18:08
CPU Usage : 75
Memory : 43.0361
Swap Memory : 0.112815
Disk Usage : Used
1.6M
14G
0
4.0K
6.1M
128K
Date & Time : 01-08-23 15:18:08
CPU Usage : 15.4
Memory : 43.0361
Swap Memory : 0.112815
Disk Usage : Used
1.6M
14G
0
4.0K
6.1M
128K
Date & Time : 01-08-23 15:18:08
CPU Usage : 53.9
Memory : 43.0361
Swap Memory : 0.112815
Disk Usage : Used
1.6M
14G
0
4.0K
6.1M
128K
Date & Time : 01-08-23 15:18:09
CPU Usage : 14.2
Memory : 43.0353
Swap Memory : 0.112815
Disk Usage : Used
1.6M
14G
0
4.0K
6.1M
128K
Date & Time : 01-08-23 15:18:09
CPU Usage : 0
Memory : 43.0353
Swap Memory : 0.112815
Disk Usage : Used
1.6M
14G
0
4.0K
6.1M
128K
Date & Time : 01-08-23 15:18:09
CPU Usage : 6.7
Memory : 43.0353
Swap Memory : 0.112815
Disk Usage : Used
1.6M
14G
0
4.0K
6.1M
128K
Date & Time : 01-08-23 15:18:09
CPU Usage : 0
Memory : 43.0353
Swap Memory : 0.112815
Disk Usage : Used
1.6M
14G
0
4.0K
6.1M
128K
Date & Time : 01-08-23 15:18:09
CPU Usage : 88.9
Memory : 43.0353
Swap Memory : 0.112815
Disk Usage : Used
1.6M
14G
0
4.0K
6.1M
128K
Date & Time : 01-08-23 15:18:10
CPU Usage : 100
Memory : 43.0347
Swap Memory : 0.112815
Disk Usage : Used
1.6M
14G
0
4.0K
6.1M
128K
Date & Time : 01-08-23 15:18:10
CPU Usage : 100
Memory : 43.0347
Swap Memory : 0.112815
Disk Usage : Used
1.6M
14G
0
4.0K
6.1M
128K
Date & Time : 01-08-23 15:18:10
CPU Usage : 6.7
Memory : 43.0347
Swap Memory : 0.112815
Disk Usage : Used
1.6M
14G
0
4.0K
6.1M
128K
Date & Time : 01-08-23 15:18:10
CPU Usage : 6.2
Memory : 43.0347
Swap Memory : 0.112815
Disk Usage : Used
1.6M
14G
0
4.0K
6.1M
128K
Date & Time : 01-08-23 15:18:10
CPU Usage : 0
Memory : 43.0347
Swap Memory : 0.112815
Disk Usage : Used
1.6M
14G
0
4.0K
6.1M
128K
Date & Time : 01-08-23 15:18:11
CPU Usage : 6.2
Memory : 43.0347
Swap Memory : 0.112815
Disk Usage : Used
1.6M
14G
0
4.0K
6.1M
128K
Date & Time : 01-08-23 15:18:11
CPU Usage : 0
Memory : 43.2242
Swap Memory : 0.112815
Disk Usage : Used
1.6M
14G
0
4.0K
6.1M
128K
Date & Time : 01-08-23 15:18:11
CPU Usage : 6.7
Memory : 43.2242
Swap Memory : 0.112815
Disk Usage : Used
1.6M
14G
0
4.0K
6.1M
128K
Date & Time : 01-08-23 15:18:11
CPU Usage : 0
Memory : 43.2242
Swap Memory : 0.112815
Disk Usage : Used
1.6M
14G
0
4.0K
6.1M
128K
Date & Time : 01-08-23 15:18:11
CPU Usage : 0
Memory : 43.2242
Swap Memory : 0.112815
Disk Usage : Used
1.6M
14G
0
4.0K
6.1M
128K
Date & Time : 01-08-23 15:18:12
CPU Usage : 0
Memory : 43.2243
Swap Memory : 0.112815
Disk Usage : Used
1.6M
14G
0
4.0K
6.1M
128K
Date & Time : 01-08-23 15:18:12
CPU Usage : 0
Memory : 43.2243
Swap Memory : 0.112815
Disk Usage : Used
1.6M
14G
0
4.0K
6.1M
128K
Date & Time : 01-08-23 15:18:12
CPU Usage : 0
Memory : 43.2243
Swap Memory : 0.112815
Disk Usage : Used
1.6M
14G
0
4.0K
6.1M
128K
Date & Time : 01-08-23 15:18:12
CPU Usage : 0
Memory : 43.2243
Swap Memory : 0.112815
Disk Usage : Used
1.6M
14G
0
4.0K
6.1M
128K
Date & Time : 01-08-23 15:18:12
CPU Usage : 0
Memory : 43.2243
Swap Memory : 0.112815
Disk Usage : Used
1.6M
14G
0
4.0K
6.1M
128K
Date & Time : 01-08-23 15:18:13
CPU Usage : 6.2
Memory : 43.2243
Swap Memory : 0.112815
Disk Usage : Used
1.6M
14G
0
4.0K
6.1M
128K
Date & Time : 01-08-23 15:18:13
CPU Usage : 33.4
Memory : 43.223
Swap Memory : 0.112815
Disk Usage : Used
1.6M
14G
0
4.0K
6.1M
128K
Date & Time : 01-08-23 15:18:13
CPU Usage : 15.4
Memory : 43.2243
Swap Memory : 0.112815
Disk Usage : Used
1.6M
14G
0
4.0K
6.1M
128K
Date & Time : 01-08-23 15:18:13
CPU Usage : 6.7
Memory : 43.2243
Swap Memory : 0.112815
Disk Usage : Used
1.6M
14G
0
4.0K
6.1M
128K
Date & Time : 01-08-23 15:18:13
CPU Usage : 77.7
Memory : 43.2217
Swap Memory : 0.112815
Disk Usage : Used
1.6M
14G
0
4.0K
6.1M
128K
Date & Time : 01-08-23 15:18:14
CPU Usage : 0
Memory : 43.2223
Swap Memory : 0.112815
Disk Usage : Used
1.6M
14G
0
4.0K
6.1M
128K
Date & Time : 01-08-23 15:18:14
CPU Usage : 0
Memory : 43.2223
Swap Memory : 0.112815
Disk Usage : Used
1.6M
14G
0
4.0K
6.1M
128K
Date & Time : 01-08-23 15:18:14
CPU Usage : 0
Memory : 43.2223
Swap Memory : 0.112815
Disk Usage : Used
1.6M
14G
0
4.0K
6.1M
128K
Date & Time : 01-08-23 15:18:14
CPU Usage : 6.7
Memory : 43.2223
Swap Memory : 0.112815
Disk Usage : Used
1.6M
14G
0
4.0K
6.1M
128K
Date & Time : 01-08-23 15:18:14
CPU Usage : 7.7
Memory : 43.0354
Swap Memory : 0.112815
Disk Usage : Used
1.6M
14G
0
4.0K
6.1M
128K
Date & Time : 01-08-23 15:18:15
CPU Usage : 87.5
Memory : 43.0343
Swap Memory : 0.112815
Disk Usage : Used
1.6M
14G
0
4.0K
6.1M
128K
Date & Time : 01-08-23 15:18:15
CPU Usage : 100
Memory : 43.0343
Swap Memory : 0.112815
Disk Usage : Used
1.6M
14G
0
4.0K
6.1M
128K
Date & Time : 01-08-23 15:18:15
CPU Usage : 50
Memory : 43.0343
Swap Memory : 0.112815
Disk Usage : Used
1.6M
14G
0
4.0K
6.1M
128K
Date & Time : 01-08-23 15:18:15
CPU Usage : 8.3
Memory : 43.0343
Swap Memory : 0.112815
Disk Usage : Used
1.6M
14G
0
4.0K
6.1M
128K
Date & Time : 01-08-23 15:18:15
CPU Usage : 0
Memory : 43.0343
Swap Memory : 0.112815
Disk Usage : Used
1.6M
14G
0
4.0K
6.1M
128K
Date & Time : 01-08-23 15:18:16
CPU Usage : 0
Memory : 43.0341
Swap Memory : 0.112815
Disk Usage : Used
1.6M
14G
0
4.0K
6.1M
128K
Date & Time : 01-08-23 15:18:16
CPU Usage : 0
Memory : 43.0341
Swap Memory : 0.112815
Disk Usage : Used
1.6M
14G
0
4.0K
6.1M
128K
Date & Time : 01-08-23 15:18:16
CPU Usage : 6.2
Memory : 43.0341
Swap Memory : 0.112815
Disk Usage : Used
1.6M
14G
0
4.0K
6.1M
128K
Date & Time : 01-08-23 15:18:16
CPU Usage : 6.7
Memory : 43.2236
Swap Memory : 0.112815
Disk Usage : Used
1.6M
14G
0
4.0K
6.1M
128K
Date & Time : 01-08-23 15:18:16
CPU Usage : 0
Memory : 43.2236
Swap Memory : 0.112815
Disk Usage : Used
1.6M
14G
0
4.0K
6.1M
128K
Date & Time : 01-08-23 15:18:17
CPU Usage : 0
Memory : 43.2229
Swap Memory : 0.112815
Disk Usage : Used
1.6M
14G
0
4.0K
6.1M
128K
Date & Time : 01-08-23 15:18:17
CPU Usage : 6.2
Memory : 43.2229
Swap Memory : 0.112815
Disk Usage : Used
1.6M
14G
0
4.0K
6.1M
128K
Date & Time : 01-08-23 15:18:17
CPU Usage : 0
Memory : 43.2229
Swap Memory : 0.112815
Disk Usage : Used
1.6M
14G
0
4.0K
6.1M
128K
Date & Time : 01-08-23 15:18:17
CPU Usage : 0
Memory : 43.2229
Swap Memory : 0.112815
Disk Usage : Used
1.6M
14G
0
4.0K
6.1M
128K
Date & Time : 01-08-23 15:18:17
CPU Usage : 0
Memory : 43.2229
Swap Memory : 0.112815
Disk Usage : Used
1.6M
14G
0
4.0K
6.1M
128K
Date & Time : 01-08-23 15:18:18
CPU Usage : 0
Memory : 43.2229
Swap Memory : 0.112815
Disk Usage : Used
1.6M
14G
0
4.0K
6.1M
128K
Date & Time : 01-08-23 15:18:18
CPU Usage : 0
Memory : 43.2229
Swap Memory : 0.112815
Disk Usage : Used
1.6M
14G
0
4.0K
6.1M
128K
Date & Time : 01-08-23 15:18:18
CPU Usage : 0
Memory : 43.2229
Swap Memory : 0.112815
Disk Usage : Used
1.6M
14G
0
4.0K
6.1M
128K
Date & Time : 01-08-23 15:18:18
CPU Usage : 6.7
Memory : 43.2229
Swap Memory : 0.112815
Disk Usage : Used
1.6M
14G
0
4.0K
6.1M
128K
Date & Time : 01-08-23 15:18:18
CPU Usage : 16.7
Memory : 43.2229
Swap Memory : 0.112815
Disk Usage : Used
1.6M
14G
0
4.0K
6.1M
128K
Date & Time : 01-08-23 15:18:19
CPU Usage : 16.6
Memory : 43.2097
Swap Memory : 0.112815
Disk Usage : Used
1.6M
14G
0
4.0K
6.1M
128K
Date & Time : 01-08-23 15:18:19
CPU Usage : 7.1
Memory : 43.2097
Swap Memory : 0.112815
Disk Usage : Used
1.6M
14G
0
4.0K
6.1M
128K
Date & Time : 01-08-23 15:18:19
CPU Usage : 0
Memory : 43.2097
Swap Memory : 0.112815
Disk Usage : Used
1.6M
14G
0
4.0K
6.1M
128K
Date & Time : 01-08-23 15:18:19
CPU Usage : 0
Memory : 43.2097
Swap Memory : 0.112815
Disk Usage : Used
1.6M
14G
0
4.0K
6.1M
128K
Date & Time : 01-08-23 15:18:19
CPU Usage : 0
Memory : 43.2097
Swap Memory : 0.112815
Disk Usage : Used
1.6M
14G
0
4.0K
6.1M
128K
Date & Time : 01-08-23 15:18:20
CPU Usage : 27.3
Memory : 43.0199
Swap Memory : 0.112815
Disk Usage : Used
1.6M
14G
0
4.0K
6.1M
128K
Date & Time : 01-08-23 15:18:20
CPU Usage : 85.7
Memory : 43.0199
Swap Memory : 0.112815
Disk Usage : Used
1.6M
14G
0
4.0K
6.1M
128K
Date & Time : 01-08-23 15:18:20
CPU Usage : 100
Memory : 43.0199
Swap Memory : 0.112815
Disk Usage : Used
1.6M
14G
0
4.0K
6.1M
128K
Date & Time : 01-08-23 15:18:20
CPU Usage : 15.4
Memory : 43.0199
Swap Memory : 0.112815
Disk Usage : Used
1.6M
14G
0
4.0K
6.1M
128K
Date & Time : 01-08-23 15:18:20
CPU Usage : 12.5
Memory : 43.0193
Swap Memory : 0.112815
Disk Usage : Used
1.6M
14G
0
4.0K
6.1M
128K
Date & Time : 01-08-23 15:18:21
CPU Usage : 16.6
Memory : 43.0193
Swap Memory : 0.112815
Disk Usage : Used
1.6M
14G
0
4.0K
6.1M
128K
Date & Time : 01-08-23 15:18:21
CPU Usage : 6.7
Memory : 43.0193
Swap Memory : 0.112815
Disk Usage : Used
1.6M
14G
0
4.0K
6.1M
128K
Date & Time : 01-08-23 15:18:21
CPU Usage : 7.1
Memory : 43.0193
Swap Memory : 0.112815
Disk Usage : Used
1.6M
14G
0
4.0K
6.1M
128K
Date & Time : 01-08-23 15:18:21
CPU Usage : 0
Memory : 43.0193
Swap Memory : 0.112815
Disk Usage : Used
1.6M
14G
0
4.0K
6.1M
128K
Date & Time : 01-08-23 15:18:22
CPU Usage : 0
Memory : 43.0193
Swap Memory : 0.112815
Disk Usage : Used
1.6M
14G
0
4.0K
6.1M
128K
Date & Time : 01-08-23 15:18:22
CPU Usage : 13.3
Memory : 43.2088
Swap Memory : 0.112815
Disk Usage : Used
1.6M
14G
0
4.0K
6.1M
128K
Date & Time : 01-08-23 15:18:22
CPU Usage : 16.6
Memory : 43.2088
Swap Memory : 0.112815
Disk Usage : Used
1.6M
14G
0
4.0K
6.1M
128K
Date & Time : 01-08-23 15:18:22
CPU Usage : 61.6
Memory : 43.2088
Swap Memory : 0.112815
Disk Usage : Used
1.6M
14G
0
4.0K
6.1M
128K
Date & Time : 01-08-23 15:18:22
CPU Usage : 9.1
Memory : 43.2088
Swap Memory : 0.112815
Disk Usage : Used
1.6M
14G
0
4.0K
6.1M
128K
Date & Time : 01-08-23 15:18:23
CPU Usage : 0
Memory : 43.2089
Swap Memory : 0.112815
Disk Usage : Used
1.6M
14G
0
4.0K
6.1M
128K
Date & Time : 01-08-23 15:18:23
CPU Usage : 0
Memory : 43.2089
Swap Memory : 0.112815
Disk Usage : Used
1.6M
14G
0
4.0K
6.1M
128K
Date & Time : 01-08-23 15:18:23
CPU Usage : 100
Memory : 43.0181
Swap Memory : 0.112815
Disk Usage : Used
1.6M
14G
0
4.0K
6.1M
128K
Date & Time : 01-08-23 15:18:23
